<?xml version="1.0" encoding="UTF-8"?>
<testsuite xmlns:xsi="http://www.w3.org/2001/XMLSchema-instance" xsi:noNamespaceSchemaLocation="https://maven.apache.org/surefire/maven-surefire-plugin/xsd/surefire-test-report.xsd" name="com.techbee.registrationTest.CustomerTest" time="1.221" tests="5" errors="0" skipped="0" failures="0">
  <properties>
    <property name="java.specification.version" value="17"/>
    <property name="sun.cpu.isalist" value="amd64"/>
    <property name="sun.jnu.encoding" value="Cp1252"/>
    <property name="java.class.path" value="C:\Users\elhab\eclipse-workspace\Registration-maven\target\test-classes;C:\Users\elhab\eclipse-workspace\Registration-maven\target\classes;C:\Users\elhab\.m2\repository\mysql\mysql-connector-java\8.0.25\mysql-connector-java-8.0.25.jar;C:\Users\elhab\.m2\repository\com\google\protobuf\protobuf-java\3.11.4\protobuf-java-3.11.4.jar;C:\Users\elhab\.m2\repository\junit\junit\4.13.2\junit-4.13.2.jar;C:\Users\elhab\.m2\repository\org\hamcrest\hamcrest-core\1.3\hamcrest-core-1.3.jar;C:\Users\elhab\.m2\repository\org\testng\testng\7.5\testng-7.5.jar;C:\Users\elhab\.m2\repository\com\google\code\findbugs\jsr305\3.0.1\jsr305-3.0.1.jar;C:\Users\elhab\.m2\repository\com\beust\jcommander\1.78\jcommander-1.78.jar;C:\Users\elhab\.m2\repository\org\webjars\jquery\3.5.1\jquery-3.5.1.jar;C:\Users\elhab\.m2\repository\org\slf4j\slf4j-api\1.7.5\slf4j-api-1.7.5.jar;C:\Users\elhab\.m2\repository\org\slf4j\slf4j-log4j12\1.7.5\slf4j-log4j12-1.7.5.jar;C:\Users\elhab\.m2\repository\log4j\log4j\1.2.17\log4j-1.2.17.jar;C:\Users\elhab\.m2\repository\org\apache\maven\surefire\surefire-testng-utils\2.22.0\surefire-testng-utils-2.22.0.jar;C:\Users\elhab\.m2\repository\org\apache\maven\surefire\surefire-grouper\2.22.0\surefire-grouper-2.22.0.jar;"/>
    <property name="java.vm.vendor" value="Eclipse Adoptium"/>
    <property name="sun.arch.data.model" value="64"/>
    <property name="user.variant" value=""/>
    <property name="java.vendor.url" value="https://adoptium.net/"/>
    <property name="user.timezone" value="America/New_York"/>
    <property name="os.name" value="Windows 10"/>
    <property name="java.vm.specification.version" value="17"/>
    <property name="sun.java.launcher" value="SUN_STANDARD"/>
    <property name="user.country" value="US"/>
    <property name="sun.boot.library.path" value="C:\Users\elhab\.p2\pool\plugins\org.eclipse.justj.openjdk.hotspot.jre.full.win32.x86_64_17.0.1.v20211116-1657\jre\bin"/>
    <property name="sun.java.command" value="C:\Users\elhab\AppData\Local\Temp\surefire8629554441038212077\surefirebooter13814343970964155548.jar C:\Users\elhab\AppData\Local\Temp\surefire8629554441038212077 2022-02-03T02-05-07_453-jvmRun1 surefire8198327856221357946tmp surefire_04566385282336149751tmp"/>
    <property name="jdk.debug" value="release"/>
    <property name="surefire.test.class.path" value="C:\Users\elhab\eclipse-workspace\Registration-maven\target\test-classes;C:\Users\elhab\eclipse-workspace\Registration-maven\target\classes;C:\Users\elhab\.m2\repository\mysql\mysql-connector-java\8.0.25\mysql-connector-java-8.0.25.jar;C:\Users\elhab\.m2\repository\com\google\protobuf\protobuf-java\3.11.4\protobuf-java-3.11.4.jar;C:\Users\elhab\.m2\repository\junit\junit\4.13.2\junit-4.13.2.jar;C:\Users\elhab\.m2\repository\org\hamcrest\hamcrest-core\1.3\hamcrest-core-1.3.jar;C:\Users\elhab\.m2\repository\org\testng\testng\7.5\testng-7.5.jar;C:\Users\elhab\.m2\repository\com\google\code\findbugs\jsr305\3.0.1\jsr305-3.0.1.jar;C:\Users\elhab\.m2\repository\com\beust\jcommander\1.78\jcommander-1.78.jar;C:\Users\elhab\.m2\repository\org\webjars\jquery\3.5.1\jquery-3.5.1.jar;C:\Users\elhab\.m2\repository\org\slf4j\slf4j-api\1.7.5\slf4j-api-1.7.5.jar;C:\Users\elhab\.m2\repository\org\slf4j\slf4j-log4j12\1.7.5\slf4j-log4j12-1.7.5.jar;C:\Users\elhab\.m2\repository\log4j\log4j\1.2.17\log4j-1.2.17.jar;C:\Users\elhab\.m2\repository\org\apache\maven\surefire\surefire-testng-utils\2.22.0\surefire-testng-utils-2.22.0.jar;C:\Users\elhab\.m2\repository\org\apache\maven\surefire\surefire-grouper\2.22.0\surefire-grouper-2.22.0.jar;"/>
    <property name="sun.cpu.endian" value="little"/>
    <property name="user.home" value="C:\Users\elhab"/>
    <property name="user.language" value="en"/>
    <property name="java.specification.vendor" value="Oracle Corporation"/>
    <property name="java.version.date" value="2021-10-19"/>
    <property name="java.home" value="C:\Users\elhab\.p2\pool\plugins\org.eclipse.justj.openjdk.hotspot.jre.full.win32.x86_64_17.0.1.v20211116-1657\jre"/>
    <property name="file.separator" value="\"/>
    <property name="basedir" value="C:\Users\elhab\eclipse-workspace\Registration-maven"/>
    <property name="java.vm.compressedOopsMode" value="32-bit"/>
    <property name="line.separator" value="&#10;"/>
    <property name="java.vm.specification.vendor" value="Oracle Corporation"/>
    <property name="java.specification.name" value="Java Platform API Specification"/>
    <property name="surefire.real.class.path" value="C:\Users\elhab\AppData\Local\Temp\surefire8629554441038212077\surefirebooter13814343970964155548.jar"/>
    <property name="user.script" value=""/>
    <property name="sun.management.compiler" value="HotSpot 64-Bit Tiered Compilers"/>
    <property name="java.runtime.version" value="17.0.1+12"/>
    <property name="user.name" value="elhab"/>
    <property name="path.separator" value=";"/>
    <property name="os.version" value="10.0"/>
    <property name="java.runtime.name" value="OpenJDK Runtime Environment"/>
    <property name="file.encoding" value="Cp1252"/>
    <property name="java.vm.name" value="OpenJDK 64-Bit Server VM"/>
    <property name="java.vendor.version" value="Temurin-17.0.1+12"/>
    <property name="localRepository" value="C:\Users\elhab\.m2\repository"/>
    <property name="java.vendor.url.bug" value="https://github.com/adoptium/adoptium-support/issues"/>
    <property name="java.io.tmpdir" value="C:\Users\elhab\AppData\Local\Temp\"/>
    <property name="java.version" value="17.0.1"/>
    <property name="user.dir" value="C:\Users\elhab\eclipse-workspace\Registration-maven"/>
    <property name="os.arch" value="amd64"/>
    <property name="java.vm.specification.name" value="Java Virtual Machine Specification"/>
    <property name="sun.os.patch.level" value=""/>
    <property name="native.encoding" value="Cp1252"/>
    <property name="java.library.path" value="C:\Users\elhab\.p2\pool\plugins\org.eclipse.justj.openjdk.hotspot.jre.full.win32.x86_64_17.0.1.v20211116-1657\jre\bin;C:\windows\Sun\Java\bin;C:\windows\system32;C:\windows;C:/Users/elhab/.p2/pool/plugins/org.eclipse.justj.openjdk.hotspot.jre.full.win32.x86_64_17.0.1.v20211116-1657/jre/bin/server;C:/Users/elhab/.p2/pool/plugins/org.eclipse.justj.openjdk.hotspot.jre.full.win32.x86_64_17.0.1.v20211116-1657/jre/bin;C:\Program Files\Java\jdk1.8.0_321\Bbin;C:\Program Files (x86)\Common Files\Oracle\Java\javapath;C:\windows\system32;C:\windows;C:\windows\System32\Wbem;C:\windows\System32\WindowsPowerShell\v1.0\;C:\windows\System32\OpenSSH\;C:\Program Files\Git\cmd;C:\Program Files\Java\jdk1.8.0_321\bin;C:\Users\elhab\AppData\Local\Microsoft\WindowsApps;C:\Users\elhab\AppData\Local\Microsoft\WindowsApps;;C:\windows\system32;;."/>
    <property name="java.vm.info" value="mixed mode"/>
    <property name="java.vendor" value="Eclipse Adoptium"/>
    <property name="java.vm.version" value="17.0.1+12"/>
    <property name="sun.io.unicode.encoding" value="UnicodeLittle"/>
    <property name="java.class.version" value="61.0"/>
  </properties>
  <testcase name="testSetEmailAdressWrong on testSetEmailAdressWrong(com.techbee.registrationTest.CustomerTest)" classname="com.techbee.registrationTest.CustomerTest" time="0.018"/>
  <testcase name="testGetAge12 on testGetAge12(com.techbee.registrationTest.CustomerTest)" classname="com.techbee.registrationTest.CustomerTest" time="0.001"/>
  <testcase name="testGetAge20 on testGetAge20(com.techbee.registrationTest.CustomerTest)" classname="com.techbee.registrationTest.CustomerTest" time="0"/>
  <testcase name="testGetFirstName on testGetFirstName(com.techbee.registrationTest.CustomerTest)" classname="com.techbee.registrationTest.CustomerTest" time="0"/>
  <testcase name="testSetEmailAdress on testSetEmailAdress(com.techbee.registrationTest.CustomerTest)" classname="com.techbee.registrationTest.CustomerTest" time="0"/>
</testsuite>