<?xml version="1.0" encoding="UTF-8"?>
<!-- Generated by org.testng.reporters.JUnitReportReporter -->
<testsuite hostname="LAPTOP-GTM84CKQ" failures="0" tests="5" name="com.techbee.registrationTest.CustomerTest" time="0.237" errors="0" timestamp="2022-02-03T02:05:10 EST" skipped="0">
  <testcase classname="com.techbee.registrationTest.CustomerTest" name="testGetFirstName" time="0.048"/>
  <system-out/>
  <testcase classname="com.techbee.registrationTest.CustomerTest" name="testSetEmailAdress" time="0.048"/>
  <system-out/>
  <testcase classname="com.techbee.registrationTest.CustomerTest" name="testSetEmailAdressWrong" time="0.048"/>
  <system-out/>
  <testcase classname="com.techbee.registrationTest.CustomerTest" name="testGetAge12" time="0.047"/>
  <system-out/>
  <testcase classname="com.techbee.registrationTest.CustomerTest" name="testGetAge20" time="0.046"/>
  <system-out/>
</testsuite> <!-- com.techbee.registrationTest.CustomerTest -->
