<?xml version="1.0" encoding="UTF-8"?>
<!-- Generated by org.testng.reporters.JUnitReportReporter -->
<testsuite hostname="LAPTOP-GTM84CKQ" failures="0" tests="5" name="com.techbee.registration.CustomerTest" time="0.228" errors="0" timestamp="2022-02-03T01:59:24 EST" skipped="0">
  <testcase classname="com.techbee.registration.CustomerTest" name="testSetEmailAdress" time="0.045"/>
  <system-out/>
  <testcase classname="com.techbee.registration.CustomerTest" name="testGetAge20" time="0.045"/>
  <system-out/>
  <testcase classname="com.techbee.registration.CustomerTest" name="testGetFirstName" time="0.046"/>
  <system-out/>
  <testcase classname="com.techbee.registration.CustomerTest" name="testSetEmailAdressWrong" time="0.047"/>
  <system-out/>
  <testcase classname="com.techbee.registration.CustomerTest" name="testGetAge12" time="0.045"/>
  <system-out/>
</testsuite> <!-- com.techbee.registration.CustomerTest -->
